  stdafx.cpp
  callAPI.cpp
  SeedSizeDLL.cpp
SeedSizeDLL.cpp(131): warning C4244: '+=': conversion from 'double' to 'float', possible loss of data
SeedSizeDLL.cpp(138): warning C4244: '+=': conversion from 'double' to 'float', possible loss of data
SeedSizeDLL.cpp(301): warning C4018: '<': signed/unsigned mismatch
SeedSizeDLL.cpp(395): warning C4018: '<': signed/unsigned mismatch
SeedSizeDLL.cpp(473): warning C4018: '<': signed/unsigned mismatch
SeedSizeDLL.cpp(496): warning C4244: '=': conversion from 'int' to 'float', possible loss of data
SeedSizeDLL.cpp(497): warning C4244: '=': conversion from 'int' to 'float', possible loss of data
SeedSizeDLL.cpp(498): warning C4244: '=': conversion from 'int' to 'float', possible loss of data
SeedSizeDLL.cpp(499): warning C4244: '=': conversion from 'int' to 'float', possible loss of data
SeedSizeDLL.cpp(533): warning C4018: '<': signed/unsigned mismatch
SeedSizeDLL.cpp(629): warning C4018: '<': signed/unsigned mismatch
SeedSizeDLL.cpp(686): warning C4018: '<': signed/unsigned mismatch
SeedSizeDLL.cpp(702): warning C4244: '=': conversion from 'int' to 'float', possible loss of data
SeedSizeDLL.cpp(703): warning C4244: '=': conversion from 'int' to 'float', possible loss of data
SeedSizeDLL.cpp(704): warning C4244: '=': conversion from 'int' to 'float', possible loss of data
SeedSizeDLL.cpp(705): warning C4244: '=': conversion from 'int' to 'float', possible loss of data
  dllmain.cpp
     Creating library C:\Users\AA\Desktop\cSharpGetDll\Release\SEEDSIZEDLL.lib and object C:\Users\AA\Desktop\cSharpGetDll\Release\SEEDSIZEDLL.exp
  Generating code
  All 870 functions were compiled because no usable IPDB/IOBJ from previous compilation was found.
  Finished generating code
  SEEDSIZEDLL.vcxproj -> C:\Users\AA\Desktop\cSharpGetDll\Release\SEEDSIZEDLL.dll
  SEEDSIZEDLL.vcxproj -> C:\Users\AA\Desktop\cSharpGetDll\Release\SEEDSIZEDLL.pdb (Full PDB)
