  stdafx.cpp
  SeedSizeDLL.cpp
c:\users\aa\desktop\csharpgetdll\seedsizedll\seedsizedll.cpp(131): warning C4244: '+=': conversion from 'double' to 'float', possible loss of data
c:\users\aa\desktop\csharpgetdll\seedsizedll\seedsizedll.cpp(138): warning C4244: '+=': conversion from 'double' to 'float', possible loss of data
c:\users\aa\desktop\csharpgetdll\seedsizedll\seedsizedll.cpp(301): warning C4018: '<': signed/unsigned mismatch
c:\users\aa\desktop\csharpgetdll\seedsizedll\seedsizedll.cpp(395): warning C4018: '<': signed/unsigned mismatch
c:\users\aa\desktop\csharpgetdll\seedsizedll\seedsizedll.cpp(473): warning C4018: '<': signed/unsigned mismatch
c:\users\aa\desktop\csharpgetdll\seedsizedll\seedsizedll.cpp(496): warning C4244: '=': conversion from 'int' to 'float', possible loss of data
c:\users\aa\desktop\csharpgetdll\seedsizedll\seedsizedll.cpp(497): warning C4244: '=': conversion from 'int' to 'float', possible loss of data
c:\users\aa\desktop\csharpgetdll\seedsizedll\seedsizedll.cpp(498): warning C4244: '=': conversion from 'int' to 'float', possible loss of data
c:\users\aa\desktop\csharpgetdll\seedsizedll\seedsizedll.cpp(499): warning C4244: '=': conversion from 'int' to 'float', possible loss of data
c:\users\aa\desktop\csharpgetdll\seedsizedll\seedsizedll.cpp(533): warning C4018: '<': signed/unsigned mismatch
c:\users\aa\desktop\csharpgetdll\seedsizedll\seedsizedll.cpp(629): warning C4018: '<': signed/unsigned mismatch
c:\users\aa\desktop\csharpgetdll\seedsizedll\seedsizedll.cpp(686): warning C4018: '<': signed/unsigned mismatch
c:\users\aa\desktop\csharpgetdll\seedsizedll\seedsizedll.cpp(702): warning C4244: '=': conversion from 'int' to 'float', possible loss of data
c:\users\aa\desktop\csharpgetdll\seedsizedll\seedsizedll.cpp(703): warning C4244: '=': conversion from 'int' to 'float', possible loss of data
c:\users\aa\desktop\csharpgetdll\seedsizedll\seedsizedll.cpp(704): warning C4244: '=': conversion from 'int' to 'float', possible loss of data
c:\users\aa\desktop\csharpgetdll\seedsizedll\seedsizedll.cpp(705): warning C4244: '=': conversion from 'int' to 'float', possible loss of data
  callAPI.cpp
  Generating Code...
  dllmain.cpp
     Creating library C:\Users\AA\Desktop\cSharpGetDll\Debug\SEEDSIZEDLL.lib and object C:\Users\AA\Desktop\cSharpGetDll\Debug\SEEDSIZEDLL.exp
  SEEDSIZEDLL.vcxproj -> C:\Users\AA\Desktop\cSharpGetDll\Debug\SEEDSIZEDLL.dll
  SEEDSIZEDLL.vcxproj -> C:\Users\AA\Desktop\cSharpGetDll\Debug\SEEDSIZEDLL.pdb (Full PDB)
